<?xml version="1.0" encoding="UTF-8"?>
<testng-results ignored="0" total="4" passed="4" failed="0" skipped="0">
  <reporter-output>
  </reporter-output>
  <suite started-at="2021-10-19T00:20:16 IST" name="Suite" finished-at="2021-10-19T00:20:39 IST" duration-ms="23277">
    <groups>
    </groups>
    <test started-at="2021-10-19T00:20:16 IST" name="App test" finished-at="2021-10-19T00:20:16 IST" duration-ms="9">
    </test> <!-- App test -->
    <test started-at="2021-10-19T00:20:16 IST" name="Validate Title" finished-at="2021-10-19T00:20:32 IST" duration-ms="16011">
      <class name="Academy.E2E.validateNavTitle">
        <test-method is-config="true" signature="intilize()[pri:0, instance:Academy.E2E.validateNavTitle@3b1bb3ab]" started-at="2021-10-19T00:20:16 IST" name="intilize" finished-at="2021-10-19T00:20:32 IST" duration-ms="15833" status="PASS">
          <reporter-output>
          </reporter-output>
        </test-method> <!-- intilize -->
        <test-method signature="title()[pri:0, instance:Academy.E2E.validateNavTitle@3b1bb3ab]" started-at="2021-10-19T00:20:32 IST" name="title" finished-at="2021-10-19T00:20:32 IST" duration-ms="48" status="PASS">
          <reporter-output>
          </reporter-output>
        </test-method> <!-- title -->
        <test-method is-config="true" signature="sleep()[pri:0, instance:Academy.E2E.validateNavTitle@3b1bb3ab]" started-at="2021-10-19T00:20:32 IST" name="sleep" finished-at="2021-10-19T00:20:32 IST" duration-ms="112" status="PASS">
          <reporter-output>
          </reporter-output>
        </test-method> <!-- sleep -->
      </class> <!-- Academy.E2E.validateNavTitle -->
    </test> <!-- Validate Title -->
    <test started-at="2021-10-19T00:20:16 IST" name="Validate navigation" finished-at="2021-10-19T00:20:35 IST" duration-ms="18869">
      <class name="Academy.E2E.ValidateNav">
        <test-method is-config="true" signature="intilize()[pri:0, instance:Academy.E2E.ValidateNav@4dd94a58]" started-at="2021-10-19T00:20:16 IST" name="intilize" finished-at="2021-10-19T00:20:35 IST" duration-ms="18706" status="PASS">
          <reporter-output>
          </reporter-output>
        </test-method> <!-- intilize -->
        <test-method signature="visiableNavBar()[pri:0, instance:Academy.E2E.ValidateNav@4dd94a58]" started-at="2021-10-19T00:20:35 IST" name="visiableNavBar" finished-at="2021-10-19T00:20:35 IST" duration-ms="62" status="PASS">
          <reporter-output>
          </reporter-output>
        </test-method> <!-- visiableNavBar -->
        <test-method is-config="true" signature="sleep()[pri:0, instance:Academy.E2E.ValidateNav@4dd94a58]" started-at="2021-10-19T00:20:35 IST" name="sleep" finished-at="2021-10-19T00:20:35 IST" duration-ms="95" status="PASS">
          <reporter-output>
          </reporter-output>
        </test-method> <!-- sleep -->
      </class> <!-- Academy.E2E.ValidateNav -->
    </test> <!-- Validate navigation -->
    <test started-at="2021-10-19T00:20:16 IST" name="Validate Home Page" finished-at="2021-10-19T00:20:39 IST" duration-ms="23277">
      <class name="Academy.E2E.HomePage1">
        <test-method is-config="true" signature="intilize()[pri:0, instance:Academy.E2E.HomePage1@51684e4a]" started-at="2021-10-19T00:20:16 IST" name="intilize" finished-at="2021-10-19T00:20:19 IST" duration-ms="3258" status="PASS">
          <reporter-output>
          </reporter-output>
        </test-method> <!-- intilize -->
        <test-method signature="intilization(java.lang.String,java.lang.String,java.lang.String)[pri:0, instance:Academy.E2E.HomePage1@51684e4a]" started-at="2021-10-19T00:20:19 IST" name="intilization" data-provider="getData" finished-at="2021-10-19T00:20:37 IST" duration-ms="17469" status="PASS">
          <params>
            <param index="0">
              <value>
                <![CDATA[emailId@Login]]>
              </value>
            </param>
            <param index="1">
              <value>
                <![CDATA[1234]]>
              </value>
            </param>
            <param index="2">
              <value>
                <![CDATA[Non Restricted user]]>
              </value>
            </param>
          </params>
          <reporter-output>
          </reporter-output>
        </test-method> <!-- intilization -->
        <test-method signature="intilization(java.lang.String,java.lang.String,java.lang.String)[pri:0, instance:Academy.E2E.HomePage1@51684e4a]" started-at="2021-10-19T00:20:37 IST" name="intilization" data-provider="getData" finished-at="2021-10-19T00:20:39 IST" duration-ms="2436" status="PASS">
          <params>
            <param index="0">
              <value>
                <![CDATA[login@id]]>
              </value>
            </param>
            <param index="1">
              <value>
                <![CDATA[3456]]>
              </value>
            </param>
            <param index="2">
              <value>
                <![CDATA[Restricted user]]>
              </value>
            </param>
          </params>
          <reporter-output>
          </reporter-output>
        </test-method> <!-- intilization -->
        <test-method is-config="true" signature="sleep()[pri:0, instance:Academy.E2E.HomePage1@51684e4a]" started-at="2021-10-19T00:20:39 IST" name="sleep" finished-at="2021-10-19T00:20:39 IST" duration-ms="62" status="PASS">
          <reporter-output>
          </reporter-output>
        </test-method> <!-- sleep -->
      </class> <!-- Academy.E2E.HomePage1 -->
    </test> <!-- Validate Home Page -->
  </suite> <!-- Suite -->
</testng-results>
