<?xml version="1.0" encoding="UTF-8"?>
<!-- Generated by org.testng.reporters.JUnitXMLReporter -->
<testsuite ignored="0" hostname="LAPTOP-LCC2IKMS" failures="1" tests="4" name="Test" time="18.484" errors="0" timestamp="2021-10-18T17:19:45 IST">
  <testcase classname="Academy.E2E.validateNavTitle" name="title" time="0.058">
    <failure type="java.lang.AssertionError" message="expected [FEATURED COURSES123] but found [FEATURED COURSES]">
      <![CDATA[java.lang.AssertionError: expected [FEATURED COURSES123] but found [FEATURED COURSES]
at Academy.E2E.validateNavTitle.title(validateNavTitle.java:33)
at java.base/java.util.ArrayList.forEach(ArrayList.java:1541)
... Removed 33 stack frames]]>
    </failure>
  </testcase> <!-- title -->
  <testcase classname="Academy.E2E.HomePage1" name="intilization" time="4.546"/>
  <testcase classname="Academy.E2E.HomePage1" name="intilization" time="2.58"/>
  <testcase classname="Academy.E2E.ValidateNav" name="visiableNavBar" time="0.079"/>
</testsuite> <!-- Test -->
